TN:
SF:src/services/recommendationsService.ts
FN:7,insert
FN:17,upvote
FN:23,downvote
FN:36,getByIdOrFail
FN:43,get
FN:47,getTop
FN:51,getRandom
FN:64,getByScore
FN:77,getScoreFilter
FNF:9
FNH:1
FNDA:1,insert
FNDA:0,upvote
FNDA:0,downvote
FNDA:0,getByIdOrFail
FNDA:0,get
FNDA:0,getTop
FNDA:0,getRandom
FNDA:0,getByScore
FNDA:0,getScoreFilter
DA:2,1
DA:3,1
DA:8,1
DA:11,1
DA:12,0
DA:14,1
DA:18,0
DA:20,0
DA:24,0
DA:26,0
DA:31,0
DA:32,0
DA:37,0
DA:38,0
DA:40,0
DA:44,0
DA:48,0
DA:52,0
DA:53,0
DA:55,0
DA:56,0
DA:57,0
DA:60,0
DA:61,0
DA:65,0
DA:70,0
DA:71,0
DA:74,0
DA:78,0
DA:79,0
DA:82,0
DA:85,1
LF:32
LH:6
BRDA:11,0,0,0
BRDA:31,1,0,0
BRDA:38,2,0,0
BRDA:56,3,0,0
BRDA:70,4,0,0
BRDA:78,5,0,0
BRF:6
BRH:0
end_of_record
TN:
SF:tests/factory/recomendationFactory.ts
FN:7,allowedRecomendation
FN:15,wrongNameRecomendation
FN:24,wrongLinkRecomendation
FN:32,randomNumber
FN:36,createManyRecomendations
FN:66,recomendation
FN:71,formatReturnLastCreated
FNF:7
FNH:1
FNDA:1,allowedRecomendation
FNDA:0,wrongNameRecomendation
FNDA:0,wrongLinkRecomendation
FNDA:0,randomNumber
FNDA:0,createManyRecomendations
FNDA:0,recomendation
FNDA:0,formatReturnLastCreated
DA:1,1
DA:3,1
DA:8,1
DA:9,1
DA:17,0
DA:18,0
DA:25,0
DA:26,0
DA:33,0
DA:37,0
DA:38,0
DA:39,0
DA:40,0
DA:41,0
DA:42,0
DA:43,0
DA:44,0
DA:45,0
DA:47,0
DA:53,0
DA:54,0
DA:55,0
DA:59,0
DA:60,0
DA:63,0
DA:67,0
DA:68,0
DA:72,0
DA:73,0
DA:74,0
DA:75,0
DA:77,0
DA:81,1
LF:33
LH:5
BRDA:39,0,0,0
BRDA:39,0,1,0
BRDA:40,1,0,0
BRDA:40,1,1,0
BRDA:42,2,0,0
BRDA:42,2,1,0
BRDA:59,3,0,0
BRDA:72,4,0,0
BRDA:72,4,1,0
BRF:9
BRH:0
end_of_record
